Unity Editor version:    2020.3.25f1 (9b9180224418)
Branch:                  2020.3/staging
Build type:              Release
Batch mode:              YES
macOS version:           Version 12.0.1 (Build 21A559)
Darwin version:          21.1.0
Architecture:            x86_64
Running under Rosetta:   YES
Available memory:        32768 MB
Using pre-set license
Pro License: NO

COMMAND LINE ARGUMENTS:
/Users/frackfrick/UnityProjects/2020.3.25f1/Unity.app/Contents/MacOS/Unity
-adb2
-batchMode
-noUpm
-name
AssetImportWorker0
-projectPath
/Users/frackfrick/UnityProjects/VRTest
-logFile
Logs/AssetImportWorker0.log
-srvPort
53570
Successfully changed project path to: /Users/frackfrick/UnityProjects/VRTest
/Users/frackfrick/UnityProjects/VRTest
Using Asset Import Pipeline V2.
Refreshing native plugins compatible for Editor in 96.33 ms, found 6 plugins.
Preloading 1 native plugins for Editor in 5.97 ms.
Initialize engine version: 2020.3.25f1 (9b9180224418)
[Subsystems] Discovering subsystems at path /Users/frackfrick/UnityProjects/2020.3.25f1/Unity.app/Contents/Resources/UnitySubsystems
[Subsystems] Discovering subsystems at path /Users/frackfrick/UnityProjects/VRTest/Assets
GfxDevice: creating device client; threaded=0
2022-02-11 16:25:57.443 Unity[22645:13093419] (null) preferred device: Apple M1 Max (high power)
2022-02-11 16:25:57.443 Unity[22645:13093419] Metal devices available: 1
2022-02-11 16:25:57.443 Unity[22645:13093419] 0: Apple M1 Max (high power)
2022-02-11 16:25:57.443 Unity[22645:13093419] Using device Apple M1 Max (high power)
Initializing Metal device caps: Apple M1 Max
Shader 'Oculus/OVRMRCameraFrameLit': fallback shader 'Alpha-Diffuse' not found
Initialize mono
Mono path[0] = '/Users/frackfrick/UnityProjects/2020.3.25f1/Unity.app/Contents/Managed'
Mono path[1] = '/Users/frackfrick/UnityProjects/2020.3.25f1/Unity.app/Contents/MonoBleedingEdge/lib/mono/unityjit'
Mono config path = '/Users/frackfrick/UnityProjects/2020.3.25f1/Unity.app/Contents/MonoBleedingEdge/etc'
Using monoOptions --debugger-agent=transport=dt_socket,embedding=1,server=y,suspend=n,address=127.0.0.1:56645
Begin MonoManager ReloadAssembly
Registering precompiled unity dll's ...
Register platform support module: /Users/frackfrick/UnityProjects/2020.3.25f1/Unity.app/Contents/PlaybackEngines/MacStandaloneSupport/UnityEditor.OSXStandalone.Extensions.dll
Registered in 0.001103 seconds.
Native extension for OSXStandalone target not found
Refreshing native plugins compatible for Editor in 69.53 ms, found 6 plugins.
Preloading 1 native plugins for Editor in 0.29 ms.
Mono: successfully reloaded assembly
- Completed reload, in  1.204 seconds
Domain Reload Profiling:
	ReloadAssembly (1204ms)
		BeginReloadAssembly (75ms)
			ExecutionOrderSort (0ms)
			DisableScriptedObjects (0ms)
			BackupInstance (0ms)
			ReleaseScriptingObjects (0ms)
			CreateAndSetChildDomain (2ms)
		EndReloadAssembly (1005ms)
			LoadAssemblies (73ms)
			RebuildTransferFunctionScriptingTraits (0ms)
			SetupTypeCache (170ms)
			ReleaseScriptCaches (0ms)
			RebuildScriptCaches (40ms)
			SetupLoadedEditorAssemblies (519ms)
				LogAssemblyErrors (0ms)
				InitializePlatformSupportModulesInManaged (10ms)
				SetLoadedEditorAssemblies (1ms)
				RefreshPlugins (70ms)
				BeforeProcessingInitializeOnLoad (30ms)
				ProcessInitializeOnLoadAttributes (302ms)
				ProcessInitializeOnLoadMethodAttributes (106ms)
				AfterProcessingInitializeOnLoad (0ms)
				EditorAssembliesLoaded (1ms)
			ExecutionOrderSort2 (0ms)
			AwakeInstancesAfterBackupRestoration (0ms)
Platform modules already initialized, skipping
Registering precompiled user dll's ...
Registered in 0.004965 seconds.
Begin MonoManager ReloadAssembly
Native extension for OSXStandalone target not found
Refreshing native plugins compatible for Editor in 75.57 ms, found 6 plugins.
Preloading 1 native plugins for Editor in 0.33 ms.
Mono: successfully reloaded assembly
- Completed reload, in  2.396 seconds
Domain Reload Profiling:
	ReloadAssembly (2397ms)
		BeginReloadAssembly (244ms)
			ExecutionOrderSort (0ms)
			DisableScriptedObjects (32ms)
			BackupInstance (0ms)
			ReleaseScriptingObjects (0ms)
			CreateAndSetChildDomain (31ms)
		EndReloadAssembly (2061ms)
			LoadAssemblies (184ms)
			RebuildTransferFunctionScriptingTraits (0ms)
			SetupTypeCache (399ms)
			ReleaseScriptCaches (1ms)
			RebuildScriptCaches (64ms)
			SetupLoadedEditorAssemblies (1096ms)
				LogAssemblyErrors (0ms)
				InitializePlatformSupportModulesInManaged (10ms)
				SetLoadedEditorAssemblies (0ms)
				RefreshPlugins (76ms)
				BeforeProcessingInitializeOnLoad (182ms)
				ProcessInitializeOnLoadAttributes (783ms)
				ProcessInitializeOnLoadMethodAttributes (43ms)
				AfterProcessingInitializeOnLoad (1ms)
				EditorAssembliesLoaded (0ms)
			ExecutionOrderSort2 (0ms)
			AwakeInstancesAfterBackupRestoration (30ms)
Platform modules already initialized, skipping
Validating Project structure ... 0.011251 seconds.
Shader import version has changed; will reimport all shaders...
Upgrading shader files ...0.031164 seconds.
Application.AssetDatabase Initial Script Refresh Start
RefreshInfo: InitialScriptRefreshV2(NoUpdateAssetOptions) scanfilter:  ... 1 filters
RefreshProfiler: Total: 0.000ms
Application.AssetDatabase Initial Script Refresh End
Application.AssetDatabase.Refresh Start
Application.AssetDatabase.Refresh End
RefreshInfo: StopAssetImportingV2(ForceSynchronousImport) scanfilter: 
RefreshProfiler: Total: 0.000ms
Shader 'Oculus/OVRMRCameraFrameLit': fallback shader 'Alpha-Diffuse' not found
Launching external process: /Users/frackfrick/UnityProjects/2020.3.25f1/Unity.app/Contents/Tools/UnityShaderCompiler
Launched and connected shader compiler UnityShaderCompiler after 0.03 seconds
Initializing Unity extensions:
2022-02-11 16:26:06.213 Unity[22645:13093419] NSEventModifierFlagFunction specified to -setKeyEquivalentModifierMask: for item <NSMenuItem: 0x600000e09880 Font Asset, ke='Command-F12'>, but is only supported for system-provided menu items; will not be used
2022-02-11 16:26:06.218 Unity[22645:13093419] NSEventModifierFlagFunction specified to -setKeyEquivalentModifierMask: for item <NSMenuItem: 0x600000e24e00 Font Asset, ke='Command-F12'>, but is only supported for system-provided menu items; will not be used
========================================================================
Worker process is ready to serve import requests
Shader 'Oculus/OVRMRCameraFrameLit': fallback shader 'Alpha-Diffuse' not found
Refreshing native plugins compatible for Editor in 0.81 ms, found 6 plugins.
Preloading 1 native plugins for Editor in 0.25 ms.
Unloading 3627 Unused Serialized files (Serialized files now loaded: 0)
System memory in use before: 312.8 MB.
System memory in use after: 312.3 MB.

Unloading 375 unused Assets to reduce memory usage. Loaded Objects now: 4077.
Total: 3.351917 ms (FindLiveObjects: 0.175917 ms CreateObjectMapping: 0.090334 ms MarkObjects: 2.632958 ms  DeleteObjects: 0.451792 ms)

AssetImportParameters requested are different than current active one (requested -> active):
  custom:video-decoder-ogg-theora: a1e56fd34408186e4bbccfd4996cb3dc -> 
  custom:container-muxer-webm: aa71ff27fc2769a1b78a27578f13a17b -> 
  custom:container-demuxer-webm: 4f35f7cbe854078d1ac9338744f61a02 -> 
  custom:container-demuxer-ogg: 62fdf1f143b41e24485cea50d1cbac27 -> 
  custom:video-encoder-webm-vp8: eb34c28f22e8b96e1ab97ce403110664 -> 
  custom:framework-osx-AVFoundation: e770b220cccbd017edd2c1fefb359320 -> 
  custom:video-decoder-webm-vp8: 9c59270c3fd7afecdb556c50c9e8de78 -> 
  custom:audio-decoder-ogg-vorbis: bf7c407c2cedff20999df2af8eb42d56 -> 
  custom:audio-encoder-webm-vorbis: bf7c407c2cedff20999df2af8eb42d56 -> 
========================================================================
Received Import Request.
  path: Assets/mic.mixer
  artifactKey: Guid(3c7153af32976dc4390cf841dea3e661) Importer(815301076,1909f56bfc062723c751e8b465ee728b)
Start importing Assets/mic.mixer using Guid(3c7153af32976dc4390cf841dea3e661) Importer(815301076,1909f56bfc062723c751e8b465ee728b)  -> (artifact id: '02a5990af9eeb66d8dd22e5cb08e7b63') in 0.090772 seconds 
  Import took 0.096910 seconds .

========================================================================
Received Import Request.
  Time since last request: 0.000301 seconds.
  path: Assets/UniversalRenderPipelineAsset_Renderer.asset
  artifactKey: Guid(fdc897457c7cd42c8b82bccb4d6fae9e) Importer(815301076,1909f56bfc062723c751e8b465ee728b)
Start importing Assets/UniversalRenderPipelineAsset_Renderer.asset using Guid(fdc897457c7cd42c8b82bccb4d6fae9e) Importer(815301076,1909f56bfc062723c751e8b465ee728b)  -> (artifact id: 'a12fee02811959932b5c12942c454dad') in 0.059174 seconds 
  Import took 0.064777 seconds .

========================================================================
Received Import Request.
  Time since last request: 0.000232 seconds.
  path: Assets/Noisestorm - Ignite.mp3
  artifactKey: Guid(69ddfe4d7859379498a2f9a83283c43e) Importer(815301076,1909f56bfc062723c751e8b465ee728b)
Start importing Assets/Noisestorm - Ignite.mp3 using Guid(69ddfe4d7859379498a2f9a83283c43e) Importer(815301076,1909f56bfc062723c751e8b465ee728b)  -> (artifact id: '493f8c7869650f774c2670f8f5a7dc61') in 1.140489 seconds 
  Import took 1.146937 seconds .

========================================================================
Received Import Request.
  Time since last request: 0.000661 seconds.
  path: Assets/Assets.index
  artifactKey: Guid(67e1330a4b8cabb499ea2b1b263a47df) Importer(815301076,1909f56bfc062723c751e8b465ee728b)
Start importing Assets/Assets.index using Guid(67e1330a4b8cabb499ea2b1b263a47df) Importer(815301076,1909f56bfc062723c751e8b465ee728b)  -> (artifact id: '3fd2b7f3c6603a476ba4ecf7b467a3c1') in 0.144320 seconds 
  Import took 0.149861 seconds .

========================================================================
Received Import Request.
  Time since last request: 0.000200 seconds.
  path: Assets/UniversalRenderPipelineAsset.asset
  artifactKey: Guid(6015fbb24feb6482b916ec965c9388b3) Importer(815301076,1909f56bfc062723c751e8b465ee728b)
Start importing Assets/UniversalRenderPipelineAsset.asset using Guid(6015fbb24feb6482b916ec965c9388b3) Importer(815301076,1909f56bfc062723c751e8b465ee728b)  -> (artifact id: '06c00ced0287a6bc04610dbd3067620a') in 0.003360 seconds 
  Import took 0.006705 seconds .

========================================================================
Received Import Request.
  Time since last request: 10.982147 seconds.
  path: Assets/materials/bBlue.mat
  artifactKey: Guid(b973c60ea4ff18f44861426c8fcadac0) Importer(815301076,1909f56bfc062723c751e8b465ee728b)
Start importing Assets/materials/bBlue.mat using Guid(b973c60ea4ff18f44861426c8fcadac0) Importer(815301076,1909f56bfc062723c751e8b465ee728b)  -> (artifact id: '5a5cac902c1d70416620456ea57cf5cd') in 1.060464 seconds 
  Import took 1.067340 seconds .

========================================================================
Received Import Request.
  Time since last request: 0.000239 seconds.
  path: Assets/materials/New Material.mat
  artifactKey: Guid(0baf505673552dd4a83e04cb8cede11b) Importer(815301076,1909f56bfc062723c751e8b465ee728b)
Start importing Assets/materials/New Material.mat using Guid(0baf505673552dd4a83e04cb8cede11b) Importer(815301076,1909f56bfc062723c751e8b465ee728b)  -> (artifact id: '615b0ede76b8ebe39592764c73da061c') in 0.019024 seconds 
  Import took 0.022839 seconds .

========================================================================
Received Import Request.
  Time since last request: 0.000202 seconds.
  path: Assets/materials/Green.mat
  artifactKey: Guid(f7db2ed2fc8961943a9c0d245bf164f5) Importer(815301076,1909f56bfc062723c751e8b465ee728b)
Start importing Assets/materials/Green.mat using Guid(f7db2ed2fc8961943a9c0d245bf164f5) Importer(815301076,1909f56bfc062723c751e8b465ee728b)  -> (artifact id: '843ef9851307dbf300c922ddc01fc0df') in 0.230428 seconds 
  Import took 0.234356 seconds .

========================================================================
Received Import Request.
  Time since last request: 0.000262 seconds.
  path: Assets/materials/Lazor.mat
  artifactKey: Guid(a0b371047c4b92d4eaef6dc55d1d84d7) Importer(815301076,1909f56bfc062723c751e8b465ee728b)
Start importing Assets/materials/Lazor.mat using Guid(a0b371047c4b92d4eaef6dc55d1d84d7) Importer(815301076,1909f56bfc062723c751e8b465ee728b)  -> (artifact id: 'e4502aeb7112dd7a10badd91d7c3a01a') in 0.256891 seconds 
  Import took 0.260647 seconds .

========================================================================
Received Import Request.
  Time since last request: 0.000243 seconds.
  path: Assets/materials/glow.mat
  artifactKey: Guid(e9a7de72338ed4568b35f0c546d60245) Importer(815301076,1909f56bfc062723c751e8b465ee728b)
Start importing Assets/materials/glow.mat using Guid(e9a7de72338ed4568b35f0c546d60245) Importer(815301076,1909f56bfc062723c751e8b465ee728b)  -> (artifact id: 'a7ef06d9f0d70e1ad0ec325b038d9ab3') in 0.009175 seconds 
  Import took 0.013107 seconds .

========================================================================
Received Import Request.
  Time since last request: 0.000241 seconds.
  path: Assets/materials/ground.mat
  artifactKey: Guid(afe1aa3ecce4d764cb1a88296152dd77) Importer(815301076,1909f56bfc062723c751e8b465ee728b)
Start importing Assets/materials/ground.mat using Guid(afe1aa3ecce4d764cb1a88296152dd77) Importer(815301076,1909f56bfc062723c751e8b465ee728b)  -> (artifact id: 'ba2ec2e173704377703debd724d4b31d') in 0.010128 seconds 
  Import took 0.013902 seconds .

========================================================================
Received Import Request.
  Time since last request: 0.000195 seconds.
  path: Assets/materials/hand.mat
  artifactKey: Guid(e1b26048083e345c1ac0abebdfb49f4f) Importer(815301076,1909f56bfc062723c751e8b465ee728b)
Start importing Assets/materials/hand.mat using Guid(e1b26048083e345c1ac0abebdfb49f4f) Importer(815301076,1909f56bfc062723c751e8b465ee728b)  -> (artifact id: '972076e141693c673abf7058bee16dda') in 0.007573 seconds 
  Import took 0.011632 seconds .

========================================================================
Received Import Request.
  Time since last request: 0.000237 seconds.
  path: Assets/materials/clear.mat
  artifactKey: Guid(329103eae6915f943a07262be1236229) Importer(815301076,1909f56bfc062723c751e8b465ee728b)
Start importing Assets/materials/clear.mat using Guid(329103eae6915f943a07262be1236229) Importer(815301076,1909f56bfc062723c751e8b465ee728b)  -> (artifact id: '0b080865ec545c03afd1471a3c1c41e7') in 0.016597 seconds 
  Import took 0.020479 seconds .

========================================================================
Received Import Request.
  Time since last request: 0.000860 seconds.
  path: Assets/materials/black.mat
  artifactKey: Guid(f81ec803fdcf979439af1fa3ae48af6e) Importer(815301076,1909f56bfc062723c751e8b465ee728b)
Start importing Assets/materials/black.mat using Guid(f81ec803fdcf979439af1fa3ae48af6e) Importer(815301076,1909f56bfc062723c751e8b465ee728b)  -> (artifact id: '3938b8e349e1905c340fe3670715b657') in 0.008248 seconds 
  Import took 0.011904 seconds .

========================================================================
Received Import Request.
  Time since last request: 0.000241 seconds.
  path: Assets/materials/Rock.mat
  artifactKey: Guid(91ac058d639d20b4882421f2720a141a) Importer(815301076,1909f56bfc062723c751e8b465ee728b)
Start importing Assets/materials/Rock.mat using Guid(91ac058d639d20b4882421f2720a141a) Importer(815301076,1909f56bfc062723c751e8b465ee728b)  -> (artifact id: 'd37e75776333887eca25b186d7dc914d') in 0.212566 seconds 
  Import took 0.216875 seconds .

========================================================================
Received Import Request.
  Time since last request: 0.000389 seconds.
  path: Assets/materials/bRed.mat
  artifactKey: Guid(b82fdbdc8baea9b43b5de6e082f941a9) Importer(815301076,1909f56bfc062723c751e8b465ee728b)
Start importing Assets/materials/bRed.mat using Guid(b82fdbdc8baea9b43b5de6e082f941a9) Importer(815301076,1909f56bfc062723c751e8b465ee728b)  -> (artifact id: '28419768c7384f1fca7317a8037a0164') in 0.008993 seconds 
  Import took 0.013694 seconds .

========================================================================
Received Import Request.
  Time since last request: 0.000413 seconds.
  path: Assets/materials/Cyan.mat
  artifactKey: Guid(96dbfe7fa84e7ff4f89fdbedb43c243b) Importer(815301076,1909f56bfc062723c751e8b465ee728b)
Start importing Assets/materials/Cyan.mat using Guid(96dbfe7fa84e7ff4f89fdbedb43c243b) Importer(815301076,1909f56bfc062723c751e8b465ee728b)  -> (artifact id: '2d40fcdbfc6768ce6189fc29b00c71cc') in 0.008147 seconds 
  Import took 0.012533 seconds .

========================================================================
Received Import Request.
  Time since last request: 0.000285 seconds.
  path: Assets/materials/Red.mat
  artifactKey: Guid(fc23b024cb9207649b320adddb9ac89b) Importer(815301076,1909f56bfc062723c751e8b465ee728b)
Start importing Assets/materials/Red.mat using Guid(fc23b024cb9207649b320adddb9ac89b) Importer(815301076,1909f56bfc062723c751e8b465ee728b)  -> (artifact id: '59f4b60d720476ffa5716228846daa6d') in 0.007528 seconds 
  Import took 0.011528 seconds .

========================================================================
Received Import Request.
  Time since last request: 0.000226 seconds.
  path: Assets/materials/bGreen.mat
  artifactKey: Guid(46d4060a76288d549bc37ff33e0b3b63) Importer(815301076,1909f56bfc062723c751e8b465ee728b)
Start importing Assets/materials/bGreen.mat using Guid(46d4060a76288d549bc37ff33e0b3b63) Importer(815301076,1909f56bfc062723c751e8b465ee728b)  -> (artifact id: '47d29eb9041a247b6723a6a077ae1985') in 0.007985 seconds 
  Import took 0.011904 seconds .

========================================================================
Received Import Request.
  Time since last request: 0.086314 seconds.
  path: Assets/Oculus/OculusProjectConfig.asset
  artifactKey: Guid(5b2439173c43caf4d8117dd088d87fca) Importer(815301076,1909f56bfc062723c751e8b465ee728b)
Start importing Assets/Oculus/OculusProjectConfig.asset using Guid(5b2439173c43caf4d8117dd088d87fca) Importer(815301076,1909f56bfc062723c751e8b465ee728b)  -> (artifact id: '63d2fc2d99f220fcac9e3767e644e850') in 0.004458 seconds 
  Import took 0.009186 seconds .

========================================================================
Received Import Request.
  Time since last request: 0.832441 seconds.
  path: Assets/prefabs/Boom.prefab
  artifactKey: Guid(4249c133a4c917646b2ad429c63ef1fb) Importer(815301076,1909f56bfc062723c751e8b465ee728b)
Start importing Assets/prefabs/Boom.prefab using Guid(4249c133a4c917646b2ad429c63ef1fb) Importer(815301076,1909f56bfc062723c751e8b465ee728b)  -> (artifact id: '94dfb6db51f0ab2f25bdc79fabc9ff0e') in 0.112179 seconds 
  Import took 0.122515 seconds .

========================================================================
Received Import Request.
  Time since last request: 0.000232 seconds.
  path: Assets/prefabs/Cube (1).prefab
  artifactKey: Guid(73601676fd76e85488b364704ea11fd0) Importer(815301076,1909f56bfc062723c751e8b465ee728b)
Start importing Assets/prefabs/Cube (1).prefab using Guid(73601676fd76e85488b364704ea11fd0) Importer(815301076,1909f56bfc062723c751e8b465ee728b)  -> (artifact id: 'b19f4b4525edaadaa562d6444e9846c1') in 0.019624 seconds 
  Import took 0.023417 seconds .

========================================================================
Received Import Request.
  Time since last request: 0.000225 seconds.
  path: Assets/prefabs/OVRCameraRig.prefab
  artifactKey: Guid(020f64265c0cc475f8f75236b9569bcb) Importer(815301076,1909f56bfc062723c751e8b465ee728b)
Start importing Assets/prefabs/OVRCameraRig.prefab using Guid(020f64265c0cc475f8f75236b9569bcb) Importer(815301076,1909f56bfc062723c751e8b465ee728b)  -> (artifact id: '337aea1c21f0f89c8498b14a30a70aff') in 0.014543 seconds 
  Import took 0.018914 seconds .

========================================================================
Received Import Request.
  Time since last request: 0.000218 seconds.
  path: Assets/prefabs/delayBoom.prefab
  artifactKey: Guid(139f9b225fa9929419bf1c91a944ab82) Importer(815301076,1909f56bfc062723c751e8b465ee728b)
Start importing Assets/prefabs/delayBoom.prefab using Guid(139f9b225fa9929419bf1c91a944ab82) Importer(815301076,1909f56bfc062723c751e8b465ee728b)  -> (artifact id: 'b63949901aed1d4108cb8fe0a91ba1f5') in 0.009779 seconds 
  Import took 0.014012 seconds .

========================================================================
Received Import Request.
  Time since last request: 0.000221 seconds.
  path: Assets/prefabs/Cube (1) Variant.prefab
  artifactKey: Guid(385544710679b0846af15c972297432d) Importer(815301076,1909f56bfc062723c751e8b465ee728b)
Start importing Assets/prefabs/Cube (1) Variant.prefab using Guid(385544710679b0846af15c972297432d) Importer(815301076,1909f56bfc062723c751e8b465ee728b)  -> (artifact id: '36f0336e17c3e77d4a1398b17ac0677c') in 0.008659 seconds 
  Import took 0.012329 seconds .

========================================================================
Received Import Request.
  Time since last request: 0.000231 seconds.
  path: Assets/prefabs/Rock.prefab
  artifactKey: Guid(1440c3a338c804e4f9ad62dffc3cd8f0) Importer(815301076,1909f56bfc062723c751e8b465ee728b)
Start importing Assets/prefabs/Rock.prefab using Guid(1440c3a338c804e4f9ad62dffc3cd8f0) Importer(815301076,1909f56bfc062723c751e8b465ee728b)  -> (artifact id: '4260c157a1eb6658dad79962c4fc92b7') in 0.011735 seconds 
  Import took 0.015509 seconds .

========================================================================
Received Import Request.
  Time since last request: 0.000266 seconds.
  path: Assets/prefabs/GameObject.prefab
  artifactKey: Guid(b6210144fd207554ca67e89e5930c8f7) Importer(815301076,1909f56bfc062723c751e8b465ee728b)
Start importing Assets/prefabs/GameObject.prefab using Guid(b6210144fd207554ca67e89e5930c8f7) Importer(815301076,1909f56bfc062723c751e8b465ee728b)  -> (artifact id: 'a6f208322f134cfdd799624abe7d97df') in 0.008355 seconds 
  Import took 0.012212 seconds .

========================================================================
Received Import Request.
  Time since last request: 4.209299 seconds.
  path: Assets/Scenes/SampleScene.unity
  artifactKey: Guid(9fc0d4010bbf28b4594072e72b8655ab) Importer(815301076,1909f56bfc062723c751e8b465ee728b)
Start importing Assets/Scenes/SampleScene.unity using Guid(9fc0d4010bbf28b4594072e72b8655ab) Importer(815301076,1909f56bfc062723c751e8b465ee728b)  -> (artifact id: '19ced1b93563462ee3d9db46352920ae') in 0.001054 seconds 
  Import took 0.005020 seconds .

========================================================================
Received Prepare
Registering precompiled user dll's ...
Registered in 0.008034 seconds.
Begin MonoManager ReloadAssembly
Native extension for OSXStandalone target not found
Refreshing native plugins compatible for Editor in 0.92 ms, found 6 plugins.
Preloading 1 native plugins for Editor in 0.32 ms.
2022-02-11 16:29:37.934 Unity[22645:13093419] NSEventModifierFlagFunction specified to -setKeyEquivalentModifierMask: for item <NSMenuItem: 0x600000eea290 Font Asset, ke='Command-F12'>, but is only supported for system-provided menu items; will not be used
Mono: successfully reloaded assembly
- Completed reload, in  2.588 seconds
Domain Reload Profiling:
	ReloadAssembly (2589ms)
		BeginReloadAssembly (214ms)
			ExecutionOrderSort (0ms)
			DisableScriptedObjects (34ms)
			BackupInstance (0ms)
			ReleaseScriptingObjects (0ms)
			CreateAndSetChildDomain (72ms)
		EndReloadAssembly (2281ms)
			LoadAssemblies (202ms)
			RebuildTransferFunctionScriptingTraits (0ms)
			SetupTypeCache (395ms)
			ReleaseScriptCaches (2ms)
			RebuildScriptCaches (51ms)
			SetupLoadedEditorAssemblies (1140ms)
				LogAssemblyErrors (0ms)
				InitializePlatformSupportModulesInManaged (10ms)
				SetLoadedEditorAssemblies (1ms)
				RefreshPlugins (1ms)
				BeforeProcessingInitializeOnLoad (276ms)
				ProcessInitializeOnLoadAttributes (809ms)
				ProcessInitializeOnLoadMethodAttributes (42ms)
				AfterProcessingInitializeOnLoad (1ms)
				EditorAssembliesLoaded (1ms)
			ExecutionOrderSort2 (0ms)
			AwakeInstancesAfterBackupRestoration (59ms)
Platform modules already initialized, skipping
Switching build target platform(2) subTarget(0) extendedPlatform(0) -> platform(13) subTarget(524288) extendedPlatform(0)
Shader 'Oculus/OVRMRCameraFrameLit': fallback shader 'Alpha-Diffuse' not found
Refreshing native plugins compatible for Editor in 0.91 ms, found 6 plugins.
Preloading 1 native plugins for Editor in 0.31 ms.
Unloading 3455 Unused Serialized files (Serialized files now loaded: 0)
System memory in use before: 319.4 MB.
System memory in use after: 319.4 MB.

Unloading 43 unused Assets to reduce memory usage. Loaded Objects now: 4165.
Total: 2.971416 ms (FindLiveObjects: 0.175208 ms CreateObjectMapping: 0.091042 ms MarkObjects: 2.459666 ms  DeleteObjects: 0.244583 ms)

AssetImportParameters requested are different than current active one (requested -> active):
  custom:video-decoder-ogg-theora: a1e56fd34408186e4bbccfd4996cb3dc -> 
  custom:container-muxer-webm: aa71ff27fc2769a1b78a27578f13a17b -> 
  custom:container-demuxer-webm: 4f35f7cbe854078d1ac9338744f61a02 -> 
  custom:container-demuxer-ogg: 62fdf1f143b41e24485cea50d1cbac27 -> 
  custom:video-encoder-webm-vp8: eb34c28f22e8b96e1ab97ce403110664 -> 
  custom:framework-osx-AVFoundation: e770b220cccbd017edd2c1fefb359320 -> 
  custom:video-decoder-webm-vp8: 9c59270c3fd7afecdb556c50c9e8de78 -> 
  custom:graphics/normal-map-encoding: 01000000000000000000000000000000 -> 02000000000000000000000000000000
  custom:audio-decoder-ogg-vorbis: bf7c407c2cedff20999df2af8eb42d56 -> 
  custom:audio-encoder-webm-vorbis: bf7c407c2cedff20999df2af8eb42d56 -> 
========================================================================
Received Prepare
Shader 'Oculus/OVRMRCameraFrameLit': fallback shader 'Alpha-Diffuse' not found
Refreshing native plugins compatible for Editor in 3.86 ms, found 6 plugins.
Preloading 1 native plugins for Editor in 0.25 ms.
Unloading 39 Unused Serialized files (Serialized files now loaded: 0)
System memory in use before: 251.9 MB.
System memory in use after: 251.8 MB.

Unloading 39 unused Assets to reduce memory usage. Loaded Objects now: 4165.
Total: 2.963083 ms (FindLiveObjects: 0.169292 ms CreateObjectMapping: 0.082375 ms MarkObjects: 2.456125 ms  DeleteObjects: 0.254666 ms)

AssetImportParameters requested are different than current active one (requested -> active):
  custom:video-decoder-ogg-theora: a1e56fd34408186e4bbccfd4996cb3dc -> 
  custom:container-muxer-webm: aa71ff27fc2769a1b78a27578f13a17b -> 
  custom:container-demuxer-webm: 4f35f7cbe854078d1ac9338744f61a02 -> 
  custom:container-demuxer-ogg: 62fdf1f143b41e24485cea50d1cbac27 -> 
  custom:video-encoder-webm-vp8: eb34c28f22e8b96e1ab97ce403110664 -> 
  custom:framework-osx-AVFoundation: e770b220cccbd017edd2c1fefb359320 -> 
  custom:video-decoder-webm-vp8: 9c59270c3fd7afecdb556c50c9e8de78 -> 
  custom:audio-decoder-ogg-vorbis: bf7c407c2cedff20999df2af8eb42d56 -> 
  custom:audio-encoder-webm-vorbis: bf7c407c2cedff20999df2af8eb42d56 -> 
========================================================================
Received Prepare
Shader 'Oculus/OVRMRCameraFrameLit': fallback shader 'Alpha-Diffuse' not found
Refreshing native plugins compatible for Editor in 9.83 ms, found 6 plugins.
Preloading 1 native plugins for Editor in 0.26 ms.
Unloading 39 Unused Serialized files (Serialized files now loaded: 0)
System memory in use before: 252.3 MB.
System memory in use after: 252.2 MB.

Unloading 39 unused Assets to reduce memory usage. Loaded Objects now: 4165.
Total: 2.950875 ms (FindLiveObjects: 0.175875 ms CreateObjectMapping: 0.084792 ms MarkObjects: 2.418958 ms  DeleteObjects: 0.270459 ms)

AssetImportParameters requested are different than current active one (requested -> active):
  custom:video-decoder-ogg-theora: a1e56fd34408186e4bbccfd4996cb3dc -> 
  custom:container-muxer-webm: aa71ff27fc2769a1b78a27578f13a17b -> 
  custom:container-demuxer-webm: 4f35f7cbe854078d1ac9338744f61a02 -> 
  custom:container-demuxer-ogg: 62fdf1f143b41e24485cea50d1cbac27 -> 
  custom:video-encoder-webm-vp8: eb34c28f22e8b96e1ab97ce403110664 -> 
  custom:framework-osx-AVFoundation: e770b220cccbd017edd2c1fefb359320 -> 
  custom:video-decoder-webm-vp8: 9c59270c3fd7afecdb556c50c9e8de78 -> 
  custom:audio-decoder-ogg-vorbis: bf7c407c2cedff20999df2af8eb42d56 -> 
  custom:audio-encoder-webm-vorbis: bf7c407c2cedff20999df2af8eb42d56 -> 
========================================================================
Received Prepare
Registering precompiled user dll's ...
Registered in 0.007142 seconds.
Begin MonoManager ReloadAssembly
Native extension for OSXStandalone target not found
Refreshing native plugins compatible for Editor in 0.95 ms, found 6 plugins.
Preloading 1 native plugins for Editor in 0.48 ms.
2022-02-11 17:26:54.699 Unity[22645:13093419] NSEventModifierFlagFunction specified to -setKeyEquivalentModifierMask: for item <NSMenuItem: 0x600000ee4b60 Font Asset, ke='Command-F12'>, but is only supported for system-provided menu items; will not be used
Mono: successfully reloaded assembly
- Completed reload, in  2.643 seconds
Domain Reload Profiling:
	ReloadAssembly (2645ms)
		BeginReloadAssembly (255ms)
			ExecutionOrderSort (0ms)
			DisableScriptedObjects (41ms)
			BackupInstance (0ms)
			ReleaseScriptingObjects (0ms)
			CreateAndSetChildDomain (109ms)
		EndReloadAssembly (2294ms)
			LoadAssemblies (188ms)
			RebuildTransferFunctionScriptingTraits (0ms)
			SetupTypeCache (418ms)
			ReleaseScriptCaches (1ms)
			RebuildScriptCaches (53ms)
			SetupLoadedEditorAssemblies (1148ms)
				LogAssemblyErrors (0ms)
				InitializePlatformSupportModulesInManaged (10ms)
				SetLoadedEditorAssemblies (2ms)
				RefreshPlugins (1ms)
				BeforeProcessingInitializeOnLoad (277ms)
				ProcessInitializeOnLoadAttributes (819ms)
				ProcessInitializeOnLoadMethodAttributes (39ms)
				AfterProcessingInitializeOnLoad (1ms)
				EditorAssembliesLoaded (0ms)
			ExecutionOrderSort2 (0ms)
			AwakeInstancesAfterBackupRestoration (55ms)
Platform modules already initialized, skipping
Switching build target platform(2) subTarget(0) extendedPlatform(0) -> platform(13) subTarget(524288) extendedPlatform(0)
Shader 'Oculus/OVRMRCameraFrameLit': fallback shader 'Alpha-Diffuse' not found
Refreshing native plugins compatible for Editor in 0.79 ms, found 6 plugins.
Preloading 1 native plugins for Editor in 0.27 ms.
Unloading 3453 Unused Serialized files (Serialized files now loaded: 0)
System memory in use before: 320.0 MB.
System memory in use after: 320.0 MB.

Unloading 42 unused Assets to reduce memory usage. Loaded Objects now: 4168.
Total: 2.853292 ms (FindLiveObjects: 0.165500 ms CreateObjectMapping: 0.079333 ms MarkObjects: 2.369500 ms  DeleteObjects: 0.238250 ms)

AssetImportParameters requested are different than current active one (requested -> active):
  custom:video-decoder-ogg-theora: a1e56fd34408186e4bbccfd4996cb3dc -> 
  custom:container-muxer-webm: aa71ff27fc2769a1b78a27578f13a17b -> 
  custom:container-demuxer-webm: 4f35f7cbe854078d1ac9338744f61a02 -> 
  custom:container-demuxer-ogg: 62fdf1f143b41e24485cea50d1cbac27 -> 
  custom:video-encoder-webm-vp8: eb34c28f22e8b96e1ab97ce403110664 -> 
  custom:framework-osx-AVFoundation: e770b220cccbd017edd2c1fefb359320 -> 
  custom:video-decoder-webm-vp8: 9c59270c3fd7afecdb556c50c9e8de78 -> 
  custom:graphics/normal-map-encoding: 01000000000000000000000000000000 -> 02000000000000000000000000000000
  custom:audio-decoder-ogg-vorbis: bf7c407c2cedff20999df2af8eb42d56 -> 
  custom:audio-encoder-webm-vorbis: bf7c407c2cedff20999df2af8eb42d56 -> 
========================================================================
Received Import Request.
  Time since last request: 3933.042475 seconds.
  path: Assets/Scenes/punchbag.unity
  artifactKey: Guid(e301dbba5ce1d4df8bca7322a4ae6051) Importer(815301076,1909f56bfc062723c751e8b465ee728b)
Start importing Assets/Scenes/punchbag.unity using Guid(e301dbba5ce1d4df8bca7322a4ae6051) Importer(815301076,1909f56bfc062723c751e8b465ee728b)  -> (artifact id: '334f34dbcc4a2209796762874150e2e0') in 0.022105 seconds 
  Import took 0.026654 seconds .

========================================================================
Received Import Request.
  Time since last request: 14.816280 seconds.
  path: Assets/Scenes/SampleScene.unity
  artifactKey: Guid(9fc0d4010bbf28b4594072e72b8655ab) Importer(815301076,1909f56bfc062723c751e8b465ee728b)
Start importing Assets/Scenes/SampleScene.unity using Guid(9fc0d4010bbf28b4594072e72b8655ab) Importer(815301076,1909f56bfc062723c751e8b465ee728b)  -> (artifact id: 'bd641054756a7b28ce50d944a6b79b3d') in 0.002415 seconds 
  Import took 0.007557 seconds .

